[ 2026-01-07 19:49:42,147 ] 20 root - INFO - Initiate the data ingestion
[ 2026-01-07 19:49:42,147 ] 37 root - INFO - Reading data from GCS bucket: network-security-483613-data, file: phishing_data.csv
[ 2026-01-07 19:49:57,082 ] 48 root - INFO - Successfully loaded 11055 rows from Cloud Storage
[ 2026-01-07 19:49:57,226 ] 72 root - INFO - Performed train test split on the dataframe
[ 2026-01-07 19:49:57,226 ] 74 root - INFO - Exited split_data_as_train_test method of Data_Ingestion class
[ 2026-01-07 19:49:57,227 ] 82 root - INFO - Exporting train and test file path.
[ 2026-01-07 19:49:57,356 ] 91 root - INFO - Exported train and test file path.
[ 2026-01-07 19:49:57,357 ] 22 root - INFO - Data Initiation Completed
[ 2026-01-07 19:49:57,367 ] 26 root - INFO - Initiate the data Validation
[ 2026-01-07 19:49:57,433 ] 32 root - INFO - Required number of columns:2
[ 2026-01-07 19:49:57,433 ] 33 root - INFO - Data frame has columns:31
[ 2026-01-07 19:49:57,433 ] 32 root - INFO - Required number of columns:2
[ 2026-01-07 19:49:57,433 ] 33 root - INFO - Data frame has columns:31
[ 2026-01-07 19:49:57,740 ] 28 root - INFO - data Validation Completed
[ 2026-01-07 19:49:57,740 ] 31 root - INFO - data Transformation started
[ 2026-01-07 19:49:57,741 ] 63 root - INFO - Entered initiate_data_transformation method of DataTransformation class
[ 2026-01-07 19:49:57,741 ] 65 root - INFO - Starting data transformation
[ 2026-01-07 19:49:57,814 ] 48 root - INFO - Entered get_data_trnasformer_object method of Trnasformation class
[ 2026-01-07 19:49:57,814 ] 53 root - INFO - Initialise KNNImputer with {'missing_values': nan, 'n_neighbors': 3, 'weights': 'uniform'}
[ 2026-01-07 19:49:57,835 ] 46 root - INFO - Entered the save_object method of MainUtils class
[ 2026-01-07 19:49:57,839 ] 50 root - INFO - Exited the save_object method of MainUtils class
[ 2026-01-07 19:49:57,840 ] 46 root - INFO - Entered the save_object method of MainUtils class
[ 2026-01-07 19:49:57,849 ] 50 root - INFO - Exited the save_object method of MainUtils class
[ 2026-01-07 19:49:57,851 ] 35 root - INFO - data Transformation completed
[ 2026-01-07 19:49:57,851 ] 37 root - INFO - Model Training sstared
