[ 2026-01-07 20:05:21,785 ] 20 root - INFO - Initiate the data ingestion
[ 2026-01-07 20:05:21,785 ] 37 root - INFO - Reading data from GCS bucket: network-security-483613-data, file: phishing_data.csv
[ 2026-01-07 20:05:26,722 ] 48 root - INFO - Successfully loaded 11055 rows from Cloud Storage
[ 2026-01-07 20:05:26,889 ] 72 root - INFO - Performed train test split on the dataframe
[ 2026-01-07 20:05:26,889 ] 74 root - INFO - Exited split_data_as_train_test method of Data_Ingestion class
[ 2026-01-07 20:05:26,890 ] 82 root - INFO - Exporting train and test file path.
[ 2026-01-07 20:05:27,040 ] 91 root - INFO - Exported train and test file path.
[ 2026-01-07 20:05:27,041 ] 22 root - INFO - Data Initiation Completed
[ 2026-01-07 20:05:27,051 ] 26 root - INFO - Initiate the data Validation
[ 2026-01-07 20:05:27,110 ] 32 root - INFO - Required number of columns:2
[ 2026-01-07 20:05:27,110 ] 33 root - INFO - Data frame has columns:31
[ 2026-01-07 20:05:27,110 ] 32 root - INFO - Required number of columns:2
[ 2026-01-07 20:05:27,110 ] 33 root - INFO - Data frame has columns:31
[ 2026-01-07 20:05:27,398 ] 28 root - INFO - data Validation Completed
[ 2026-01-07 20:05:27,398 ] 31 root - INFO - data Transformation started
[ 2026-01-07 20:05:27,398 ] 63 root - INFO - Entered initiate_data_transformation method of DataTransformation class
[ 2026-01-07 20:05:27,398 ] 65 root - INFO - Starting data transformation
[ 2026-01-07 20:05:27,461 ] 48 root - INFO - Entered get_data_trnasformer_object method of Trnasformation class
[ 2026-01-07 20:05:27,461 ] 53 root - INFO - Initialise KNNImputer with {'missing_values': nan, 'n_neighbors': 3, 'weights': 'uniform'}
[ 2026-01-07 20:05:27,479 ] 46 root - INFO - Entered the save_object method of MainUtils class
[ 2026-01-07 20:05:27,483 ] 50 root - INFO - Exited the save_object method of MainUtils class
[ 2026-01-07 20:05:27,483 ] 46 root - INFO - Entered the save_object method of MainUtils class
[ 2026-01-07 20:05:27,487 ] 50 root - INFO - Exited the save_object method of MainUtils class
[ 2026-01-07 20:05:27,488 ] 35 root - INFO - data Transformation completed
[ 2026-01-07 20:05:27,488 ] 37 root - INFO - Model Training sstared
[ 2026-01-07 20:12:18,392 ] 46 root - INFO - Entered the save_object method of MainUtils class
[ 2026-01-07 20:12:18,455 ] 50 root - INFO - Exited the save_object method of MainUtils class
[ 2026-01-07 20:12:18,455 ] 46 root - INFO - Entered the save_object method of MainUtils class
[ 2026-01-07 20:12:18,489 ] 50 root - INFO - Exited the save_object method of MainUtils class
[ 2026-01-07 20:12:18,489 ] 169 root - INFO - Model trainer artifact: ModelTrainerArtifact(trained_model_file_path='Artifacts/01_07_2026_20_05_18/model_trainer/trained_model/model.pkl', train_metric_artifact=ClassificationMetricArtifact(f1_score=0.9910587279008332, precision_score=0.9882472137791287, recall_score=0.9938862848991237), test_metric_artifact=ClassificationMetricArtifact(f1_score=0.9717244125846276, precision_score=0.9674861221252974, recall_score=0.976))
[ 2026-01-07 20:12:18,490 ] 42 root - INFO - Model Training artifact created
