[ 2026-01-07 19:42:05,412 ] 20 root - INFO - Initiate the data ingestion
[ 2026-01-07 19:42:05,412 ] 37 root - INFO - Reading data from GCS bucket: network-security-483613-data, file: phishing_data.csv
[ 2026-01-07 19:43:01,386 ] 48 root - INFO - Successfully loaded 11055 rows from Cloud Storage
[ 2026-01-07 19:43:01,978 ] 72 root - INFO - Performed train test split on the dataframe
[ 2026-01-07 19:43:01,979 ] 74 root - INFO - Exited split_data_as_train_test method of Data_Ingestion class
[ 2026-01-07 19:43:01,981 ] 82 root - INFO - Exporting train and test file path.
[ 2026-01-07 19:43:02,135 ] 91 root - INFO - Exported train and test file path.
[ 2026-01-07 19:43:02,136 ] 22 root - INFO - Data Initiation Completed
[ 2026-01-07 19:43:02,153 ] 26 root - INFO - Initiate the data Validation
[ 2026-01-07 19:43:02,217 ] 32 root - INFO - Required number of columns:2
[ 2026-01-07 19:43:02,217 ] 33 root - INFO - Data frame has columns:31
[ 2026-01-07 19:43:02,217 ] 32 root - INFO - Required number of columns:2
[ 2026-01-07 19:43:02,217 ] 33 root - INFO - Data frame has columns:31
[ 2026-01-07 19:43:02,533 ] 28 root - INFO - data Validation Completed
[ 2026-01-07 19:43:02,533 ] 31 root - INFO - data Transformation started
[ 2026-01-07 19:43:02,534 ] 63 root - INFO - Entered initiate_data_transformation method of DataTransformation class
[ 2026-01-07 19:43:02,534 ] 65 root - INFO - Starting data transformation
[ 2026-01-07 19:43:02,610 ] 48 root - INFO - Entered get_data_trnasformer_object method of Trnasformation class
[ 2026-01-07 19:43:02,610 ] 53 root - INFO - Initialise KNNImputer with {'missing_values': nan, 'n_neighbors': 3, 'weights': 'uniform'}
[ 2026-01-07 19:43:02,634 ] 46 root - INFO - Entered the save_object method of MainUtils class
[ 2026-01-07 19:43:02,639 ] 50 root - INFO - Exited the save_object method of MainUtils class
[ 2026-01-07 19:43:02,639 ] 46 root - INFO - Entered the save_object method of MainUtils class
[ 2026-01-07 19:43:02,643 ] 50 root - INFO - Exited the save_object method of MainUtils class
[ 2026-01-07 19:43:02,645 ] 35 root - INFO - data Transformation completed
[ 2026-01-07 19:43:02,645 ] 37 root - INFO - Model Training sstared
